"TCP" "NDN"
18.4214 23.9635
32.2434 34.7993
21.3919 25.5402
39.5797 36.3426
29.3027 31.746
34.3474 21.1368
36.4085 36.2447
20.4965 20.9294
49.4642 48.0914
25.4347 26.6971
32.976 39.6442
57.1728 36.8928
33.4044 40.1494
48.1208 44.0823
27.6429 31.8805
41.3918 40.5209
62.0586 46.0246
43.4505 45.6058
44.0953 31.3489
26.9008 26.7157
31.9114 36.5273
51.257 48.7572
38.8237 39.1095
29.6749 33.9589
37.0613 29.6095
31.0316 42.2808
39.0448 27.1071
39.0201 41.4664
35.079 22.1201
38.9567 34.3602
40.6115 31.711
50.1968 41.0611
18.4486 17.5707
48.0117 40.7152
38.3267 31.9727
42.2231 31.1539
22.5384 23.45
36.0012 40.0954
32.8633 32.3784
23.5596 28.0647
45.9107 52.8916
88.4797 65.9133
44.8718 41.3393
97.1727 73.2465
18.37 24.669
34.9515 51.6372
31.2399 28.0462
107.315 72.1354
103.556 73.1279
29.5527 57.0545
105.983 69.2469
28.7916 31.9606
37.318 49.9802
32.4392 52.495
22.2373 55.1723
27.1035 31.237
85.6364 39.8273
30.5237 30.7918
45.811 33.0335
30.8296 49.2204
25.8756 14.9722
31.8136 32.761
36.327 30.6093
41.3077 33.965
83.9328 41.0735
50.561 42.358
19.8967 23.2141
20.6682 21.6757
24.4163 25.5597
21.7383 24.1993
58.4142 31.2857
29.1162 28.4197
57.8666 49.0578
33.4093 33.8617
38.9363 41.6079
84.0593 27.5763
89.1898 58.1644
23.3981 25.174
33.5406 29.4803
38.212 33.4059
51.6563 43.514
48.7015 39.0276
44.2215 44.4097
56.4281 34.8162
61.5252 46.1162
22.411 25.1698
38.3341 20.8304
23.0101 25.9228
29.3562 34.4055
33.2018 38.4263
57.913 46.2619
23.1653 28.2887
59.8065 38.221
24.454 33.434
27.3642 28.544
26.5187 29.2575
48.1018 46.7187
32.3964 36.0734
33.6688 22.5987
36.3782 41.0118
39.8985 43.8884
21.3856 10.3515
21.3059 36.478
46.2377 45.5181
25.841 34.7292
60.0117 62.5001
34.6545 32.3822
49.0805 62.1298
30.411 40.1047
32.454 41.4693
20.6322 34.2382
44.6654 50.4596
27.5357 27.395
50.7442 21.2669
58.9146 39.3145
29.8288 40.9658
65.4739 62.9412
37.8232 42.3427
24.8756 29.628
30.2616 12.5707
40.0919 49.6361
39.5123 43.9866
43.0353 17.2228
19.7311 22.269
77.7939 63.5981
27.4809 29.7479
41.5512 38.8197
59.578 43.1692
19.6427 24.6095
21.8619 34.5
43.2651 39.1103
86.1973 66.131
89.2863 64.1503
32.8011 35.106
30.7183 35.5051
71.352 60.4798
34.9118 35.6966
21.5105 12.8113
42.1193 25.6918
35.3252 36.5374
37.9509 40.2147
63.7599 42.8958
51.0975 29.4805
41.9424 47.1702
61.0261 24.5136
24.1082 43.5173
28.5749 32.3508
63.652 36.8368
66.7812 53.2383
21.3977 28.611
67.6031 38.1401
28.4884 54.3889
24.1459 25.8441
40.3068 36.532
60.5884 43.1086
40.5072 29.0902
36.3458 41.8328
36.7227 34.8668
47.4662 39.3463
39.5107 41.119
19.3814 23.2687
29.4507 31.9941
21.4056 26.0727
30.5246 34.8158
39.1781 45.4673
36.5246 39.2259
34.4392 36.8951
53.3316 45.0642
34.6965 40.7875
53.7319 44.01
33.7822 40.383
46.6837 45.8399
24.3642 25.544
23.9054 33.2164
59.7495 26.9472
28.5909 35.4641
44.8745 41.6598
54.2111 31.7619
37.6297 35.4523
47.7272 29.1711
35.0457 38.3764
37.3746 43.5656
47.847 35.1649
21.3696 28.148
32.3775 45.9057
22.4388 23.4986
28.2456 52.3208
19.762 22.8936
18.4545 26.3944
30.1063 43.6843
49.2115 44.8805
52.872 50.3722
40.761 34.7703
49.7745 55.4546
28.1349 48.3717
41.0655 42.627
41.9293 53.9242
27.1639 31.8766
21.4085 38.1888
50.4989 42.1496
42.2047 66.2142
50.7766 57.9789
32.4827 34.8827
57.9487 55.3325
18.5147 22.0605
61.2789 54.4755
25.6301 26.6054
23.5892 18.3293
19.4061 15.2794
21.2597 21.8083
81.0709 65.0466
25.2972 29.0279
29.5963 39.9646
69.7652 46.0633
23.5815 30.5753
27.2087 40.4118
21.6332 24.289
53.2586 64.5783
69.3291 69.893
28.8385 35.4547
31.6842 34.8357
46.5842 24.616
53.1617 58.6944
57.0025 35.7609
20.0222 14.0817
30.3211 50.8428
32.6574 43.2864
25.6322 38.3633
26.384 23.8035
37.4871 47.4811
28.3253 29.6049
24.749 29.4703
39.4419 50.1959
49.5512 42.2467
20.4829 22.9964
42.5005 52.6359
49.6158 47.7557
42.761 34.9235
31.4033 39.7305
25.7243 31.3768
21.9084 35.1146
53.1783 41.5985
26.9783 34.4273
20.3795 27.0089
19.4907 28.9564
35.9352 49.0145
29.6805 35.1884
28.3791 26.6805
36.776 40.1669
37.3631 36.3127
35.4912 33.5333
63.977 49.4373
38.3859 29.5443
31.9689 39.3596
41.9021 47.0192
21.689 23.5554
67.5178 50.6144
36.7605 48.4311
49.1336 34.9258
41.9336 15.1118
68.7101 45.9902
26.5307 44.5668
74.1505 37.2874
54.3954 35.2786
36.6621 18.4904
34.8692 45.8389
19.4219 21.8735
26.1799 29.3392
35.5217 43.7019
33.1961 32.2566
28.6137 27.4315
37.2173 40.72
33.4654 36.1883
69.4718 46.186
57.3244 45.9418
40.2632 42.2155
33.2691 42.8781
41.8159 31.1892
60.5828 38.1927
36.8095 30.847
36.2766 27.5181
27.4251 30.8866
88.7664 36.0239
36.2351 35.773
25.4519 27.5803
24.9988 29.8795
50.7898 54.3181
26.5344 31.4098
82.5604 53.8476
23.1496 22.9033
29.8932 28.6275
22.951 34.9275
57.9801 38.0249
34.9695 41.5905
40.0237 55.8871
58.6422 45.4963
79.4201 24.321
21.5931 32.3694
50.9307 53.0976
32.7311 32.5692
34.8245 39.3009
61.3323 59.0201
48.8792 45.3631
59.1969 43.8939
23.4797 25.4041
28.3371 20.2636
35.3674 38.7186
30.5367 25.2794
49.1984 44.5788
42.7184 40.859
31.943 33.9445
42.694 42.1702
36.5909 44.0782
65.4392 57.4214
46.8245 37.9296
32.1771 35.4558
41.1036 28.0676
48.1987 46.5028
48.9524 45.1277
61.8256 46.9458
23.6184 26.3157
54.5632 19.7882
45.2272 19.9297
32.9299 44.0307
82.1583 40.9301
42.8752 26.1927
41.7651 46.4887
71.914 40.9791
19.646 13.2439
35.5478 43.1145
23.0312 42.6971
26.46 27.7058
46.6343 38.5298
57.3917 37.5114
29.1517 31.8276
34.1388 34.8676
46.9265 38.3592
71.962 48.5849
58.5812 50.3521
57.8945 28.8124
27.3274 28.5378
79.1943 31.0455
31.0627 33.5984
20.4085 17.6818
50.5632 33.4152
32.4876 37.6421
38.0832 48.3236
23.6169 39.8664
76.1018 36.4234
56.8393 39.105
40.3404 26.7125
58.8475 43.4996
77.9761 39.9824
26.3518 16.5134
19.2219 22.3766
37.3443 34.7278
66.4972 40.9771
35.2125 42.9672
32.3751 28.2881
20.4654 10.4059
19.3675 20.5484
36.4108 36.8477
45.5376 43.3665
26.4006 17.6484
46.7861 30.8003
46.6305 47.8929
36.9842 23.1162
61.6641 19.1296
29.6125 33.8116
63.5158 37.8407
54.0371 28.0804
51.4313 38.6089
29.3762 29.998
29.8643 30.999
56.4573 39.4469
25.5085 17.4294
43.2257 48.281
38.8076 51.6672
59.895 37.6609
45.9846 8.60696
35.9451 48.4963
57.8361 27.1147
56.254 43.516
37.4706 33.482
29.2618 23.2684
20.5997 26.3129
44.0186 43.018
39.6319 40.4846
18.9753 19.1113
39.7992 40.6965
63.3617 47.5944
37.0233 35.1592
19.6499 28.5921
35.5133 44.5463
29.5759 30.5239
52.2787 35.5075
36.7286 52.7211
33.6258 36.3557
35.6441 38.288
39.1788 36.6854
28.0993 29.0209
28.4429 30.3066
48.4514 40.1933
33.5246 36.8131
37.9622 40.5549
53.4135 40.7467
45.0478 47.9208
26.4854 36.7111
21.6589 17.4845
31.8926 36.2265
37.5121 45.7565
48.0906 39.3503
25.4598 23.1295
46.4484 43.6849
38.6092 35.2851
21.2543 13.4228
20.7014 28.6894
46.5573 44.2119
36.1537 45.632
44.2452 37.2371
40.7177 53.325
57.2542 44.9247
36.6843 45.3897
67.6768 24.3981
52.9495 44.4311
26.5135 16.1033
57.5707 54.4938
28.8036 38.9188
64.728 54.1117
58.4464 30.4353
35.963 39.9193
71.8859 44.0702
68.6933 32.1483
29.4077 31.2839
37.3448 51.2643
62.7904 42.8299
44.0585 40.0357
62.6296 15.6604
60.0217 36.377
25.455 25.9061
35.632 46.2569
18.9718 18.3646
44.1012 47.6077
40.7645 39.5273
53.3248 23.1094
22.455 22.9061
33.289 25.1667
83.2693 47.4215
94.8407 44.876
36.4658 33.4868
94.4428 46.6757
51.3722 27.4513
29.9826 47.5676
35.8355 40.1598
53.6151 46.9001
22.1866 35.2975
74.8583 39.3887
51.123 45.9433
24.9609 28.7292
36.9492 18.5715
39.2385 37.7213
24.5832 31.8197
38.2343 39.5296
43.5365 30.8301
29.6984 35.4182
32.9108 40.9738
34.6475 37.771
41.8879 41.7553
33.6209 34.9947
42.11 34.6725
39.7506 40.7784
22.7892 17.8426
28.8064 33.1235
22.2866 27.0695
25.3448 30.8789
27.8494 28.7524
24.4977 22.6993
48.9037 39.0401
27.2213 30.4901
44.1479 7.25997
36.4867 44.699
70.8243 42.2726
30.0998 42.0083
58.1839 16.9277
54.4626 35.8908
41.777 30.9789
58.2322 59.8609
37.333 34.5603
21.3675 11.1625
42.2313 47.4339
31.6593 32.8639
68.333 49.1567
30.1397 35.8022
68.3239 46.1037
44.2852 43.6465
24.1115 21.1364
39.456 30.4062
51.8637 34.8224
43.7809 37.0641
36.8136 27.622
33.3821 34.9355
35.9291 44.1926
28.8684 38.6828
19.7805 25.1457
33.1255 9.7372
51.1855 32.4369
36.1996 48.9421
35.6844 42.7712
25.8608 35.7593
40.0525 25.7355
42.1414 42.0236
46.7198 40.7274
31.3408 31.8649
18.6296 23.6596
36.656 44.6122
60.3725 42.9679
57.5111 24.4427
27.2184 46.2348
26.6953 42.654
74.6257 47.5646
58.0889 38.1845
38.3329 31.3942
20.3551 21.5424
22.7009 16.1513
30.4731 30.907
65.9555 59.8562
34.7625 52.442
21.9939 33.2262
39.8043 32.1149
24.327 26.2093
40.2712 63.572
57.1804 41.9231
57.4056 24.4061
30.4503 34.002
27.4872 38.5623
31.5001 38.2207
70.1875 47.2538
26.4163 27.5597
51.3816 43.5885
77.9623 52.2185
40.3386 35.6447
29.4157 23.9536
66.1678 40.2366
46.4982 33.5126
20.1683 24.377
26.4249 14.7149
41.9561 42.4309
44.2099 29.7571
24.3998 35.5801
52.1722 18.4275
75.5109 46.4716
48.4173 55.5436
32.1919 27.8717
22.3434 23.5405
34.5575 38.7063
37.4217 38.6601
51.4473 35.4491
43.8235 32.737
27.8134 25.2777
72.8696 16.7705
26.3952 21.179
18.9616 21.8777
43.0706 25.8549
23.4568 26.8037
38.273 33.4742
25.1797 22.9476
48.2058 40.0969
29.0541 33.2007
19.3253 13.7245
36.2581 31.3904
43.9118 41.9459
24.5187 28.297
29.3995 26.6192
56.5664 41.1276
59.1181 39.1415
27.4965 27.9294
51.0834 39.8133
54.9361 37.7648
41.2011 22.6378
34.4082 27.3183
63.9835 47.3151
38.8609 37.6066
41.7957 47.9041
34.3849 16.6357
50.1233 43.4679
47.8027 11.0882
26.7164 40.714
42.3703 43.2383
52.1062 47.7804
26.863 39.494
43.3418 40.5317
33.909 27.0334
58.7203 49.8396
46.6307 40.6115
23.3321 16.269
38.2767 29.1738
37.8592 37.9219
59.594 45.4333
56.1766 45.0937
28.3406 25.313
25.8449 31.6773
41.026 42.5696
39.4058 38.0215
19.3583 22.3284
39.8319 34.3068
56.2739 40.8247
38.1589 32.0905
37.6328 37.3506
52.2931 43.2402
53.536 28.6413
25.6582 28.1458
54.2701 34.5862
21.7671 19.77
27.994 36.4071
53.4207 36.0769
29.693 24.8338
37.2304 43.0154
38.7936 41.4121
22.38 26.3761
45.7059 32.8963
36.5036 40.6879
28.742 37.2232
44.4731 36.0923
41.0749 51.6722
32.17 47.933
98.1213 26.8814
28.1772 40.2708
18.7271 20.2231
103.237 43.4361
82.9404 46.3194
36.4846 32.0442
33.3429 30.7324
21.4933 25.4353
24.9496 31.7706
38.077 46.7976
86.903 48.0003
58.6675 46.1114
23.1134 27.3033
110.166 37.0369
31.7464 30.7999
33.3664 39.0444
23.9196 32.3445
19.7646 18.0485
54.3942 31.2204
46.2366 46.3173
56.9944 34.3791
62.2283 56.6466
27.9674 54.4018
24.3237 45.1539
60.9573 46.1526
20.4615 29.697
49.9612 48.367
48.4707 34.2257
39.7272 47.9408
34.5451 47.5444
22.3249 35.96
56.6219 55.4609
40.0287 48.8513
28.7622 20.5931
30.6245 50.2839
57.6892 45.2881
60.5396 45.3201
30.4619 41.1533
24.1691 40.9198
25.9192 34.5768
28.4388 30.0685
38.0524 41.8913
40.4338 47.2613
25.8912 28.6545
20.9044 22.7702
47.7502 51.7182
27.644 36.2081
27.8219 32.0166
46.1044 42.1811
26.4366 33.6832
65.6053 38.9371
47.7555 54.5776
38.7782 48.7432
59.3361 41.6797
33.4639 42.0724
37.1374 48.3143
68.3766 51.4297
23.7461 9.53982
32.9662 30.5302
19.4965 20.2442
75.3998 41.3208
52.367 53.311
34.6954 37.2942
37.7351 36.2715
58.7097 40.5945
73.1157 36.4479
30.6105 35.2459
49.9377 58.9332
35.5442 31.9931
55.4474 44.0205
65.8458 43.6253
44.7546 40.8144
40.7098 36.7645
24.4126 21.9543
29.601 30.6023
30.4438 33.7613
44.7514 37.3743
44.1605 57.1895
36.8333 27.5514
40.8519 41.0201
22.8638 27.4207
36.3314 37.5385
35.5009 20.9221
40.9164 42.0373
30.5425 35.7774
26.6947 30.1806
52.8069 44.8575
57.9901 39.8653
53.3415 42.0825
44.1327 52.8384
38.1601 42.1809
71.8703 57.0767
39.6486 39.7864
56.832 32.7894
67.5578 6.88214
37.4272 37.1677
25.5769 28.7467
33.412 38.0934
69.8424 65.1187
89.0163 67.7266
26.0229 38.1894
85.3302 56.6185
60.1859 35.6832
58.7567 63.0165
56.4333 68.4482
37.8281 26.7335
34.5994 41.4616
33.5639 31.1896
43.9464 34.8829
47.1742 38.4984
31.8014 39.8233
19.3964 20.554
36.9506 19.6242
35.9465 35.8021
30.3752 12.2194
33.3279 34.5379
25.0928 15.7969
34.0012 24.0808
63.601 50.3322
40.695 52.1703
65.8196 33.0939
25.0782 41.6458
42.9917 50.2659
72.4421 57.0881
72.2713 49.2381
52.393 56.4482
60.4314 52.9235
64.4336 47.552
19.3745 26.0489
45.2028 29.8641
32.5048 37.1484
66.8331 41.862
42.0549 43.8476
73.7798 40.4674
37.9346 25.5539
32.3937 34.9676
72.021 24.0233
38.8237 27.9207
74.0947 29.6374
30.917 33.2995
20.8086 21.7996
67.3412 24.8859
36.467 34.4775
49.1392 39.4272
19.5076 10.9328
45.2942 38.9368
25.1558 33.6262
98.6133 45.2182
95.5904 68.9193
56.2404 35.0793
55.3539 56.4742
74.8734 50.8622
85.1462 64.9239
44.0826 36.2204
26.9563 18.369
21.8104 22.2091
26.4505 9.28202
26.0449 17.0189
35.9933 36.1596
48.8016 43.2616
46.9072 43.4383
44.6048 38.7831
52.2445 47.0552
47.1714 38.4042
42.2356 36.9125
25.9108 32.6232
26.7418 28.0412
42.7778 29.4489
21.3956 23.9069
46.0013 18.8353
55.4362 35.0707
33.7141 40.8882
25.6483 26.1457
36.3773 39.7961
27.4891 29.0905
24.715 26.4896
48.1168 38.9905
67.9844 57.5676
37.3986 47.3594
39.217 31.6355
33.1709 31.3404
24.4503 27.5853
66.9064 59.588
43.4611 42.4139
25.2665 26.0312
69.988 58.6523
45.9784 32.3128
25.5198 35.9288
64.8788 43.9817
43.6741 65.39
25.3964 34.6099
52.511 38.4614
24.7018 37.3676
39.3303 39.3501
50.8345 41.1914
23.7749 23.6776
45.5255 34.8431
26.1922 32.6457
28.0186 38.85
36.0543 41.8339
38.2749 27.1253
34.432 32.7383
30.0978 39.7677
25.5391 25.9432
56.5558 32.7668
35.4297 38.2363
53.7795 39.8355
29.3481 26.8178
31.5832 35.8198
57.1312 41.8178
21.4143 25.6431
54.7563 43.6354
45.69 40.6695
24.9567 31.8654
57.3643 31.0605
23.1816 34.1175
49.5299 37.0577
50.51 52.8334
25.4745 32.8309
34.828 17.0912
36.6805 43.5326
49.3642 50.6465
61.4111 32.4264
56.4321 43.9956
49.1356 29.3404
24.375 31.7528
32.8378 34.738
49.5065 32.1224
37.4044 38.5559
56.7693 41.2646
44.5772 39.4201
60.9902 48.8366
33.7347 42.5406
33.2954 37.6809
45.3798 35.3595
59.943 32.0942
67.6089 35.0896
22.4764 25.6814
21.0011 24.7467
34.0941 42.0119
37.1731 37.5481
64.0356 44.485
19.5515 28.6958
72.5452 33.1785
59.7072 30.4332
31.6826 37.3776
18.6533 24.7142
45.9506 38.03
22.4507 16.2932
37.3518 31.0134
60.1286 49.7119
58.1186 38.0467
39.1405 42.9541
29.3746 32.2307
25.7697 37.4188
77.8784 61.1174
54.0274 58.6252
51.5438 60.0647
66.7663 38.3642
20.8127 28.2864
59.4509 63.2735
65.2826 55.6
48.4305 31.7303
28.4045 30.8111
46.5358 56.8782
47.8083 36.4106
63.3692 57.8099
55.9477 27.1684
70.8745 50.4505
39.0261 43.0552
52.4939 36.6731
37.8972 34.0374
64.4143 60.3918
30.2544 31.9908
65.863 52.8101
35.0284 32.4525
27.1064 45.3973
33.4194 35.6964
25.454 30.9126
68.2002 39.0188
25.784 45.9597
35.0441 45.0003
26.6122 46.281
51.795 47.4133
18.5892 10.9704
52.7673 51.6483
32.5437 41.4836
20.4125 23.7178
81.4157 49.9645
31.9866 33.5812
85.0184 44.07
65.0722 51.182
43.6642 40.3777
39.2368 28.4331
36.412 39.7488
37.2681 36.2236
33.4553 36.0275
21.792 23.7462
49.1429 52.3097
47.6532 21.1776
40.6151 34.9761
48.1667 40.3186
29.2682 45.9441
31.7517 41.878
29.5579 34.9629
40.7529 43.601
75.9605 55.6095
61.0793 40.0309
73.6561 58.8983
48.0046 32.9497
56.4737 28.1956
41.0308 28.58
45.4339 51.0717
35.6351 34.4877
56.1475 41.0362
62.3668 36.3414
88.2495 36.5275
23.0484 40.5375
42.9593 38.7268
36.5147 46.654
22.4753 11.3565
54.4785 44.4918
21.8851 24.7885
18.3998 24.0316
35.1523 43.5393
58.5015 50.6557
32.0878 46.4625
73.8615 41.159
27.5043 29.9507
62.7844 34.7328
25.3325 27.5241
27.7275 45.2209
98.6808 44.6762
101.414 33.6052
33.3742 36.7806
37.9978 37.9446
31.8071 35.5833
21.8033 38.1577
40.2343 41.5096
47.689 35.956
33.5425 35.9926
24.5743 18.4449
28.1746 33.428
75.6987 35.1044
31.9419 37.661
32.4297 36.788
40.137 37.5759
24.2131 18.098
31.6112 40.2266
53.989 41.9649
47.7678 44.7381
18.5254 22.9675
31.349 35.3561
39.8622 37.9918
41.1394 17.6887
24.5493 36.3002
57.166 49.8938
25.4753 39.3527
32.5817 35.4571
37.0769 52.0518
19.3674 24.316
23.6122 50.9999
26.8109 48.5359
42.0659 38.0976
49.7423 42.2675
43.5366 41.2279
59.0978 41.728
18.4687 25.4329
30.9165 32.6939
40.8624 41.7387
49.2801 44.4763
21.5225 47.9284
62.3053 53.7112
47.5022 47.2754
54.885 38.2597
37.3686 38.5487
47.954 51.4367
41.9811 12.4949
21.7034 21.4713
18.327 10.0827
38.2273 42.1724
26.1734 27.4834
62.473 42.6294
49.4048 42.6854
31.5838 41.7882
30.8861 40.1897
61.5074 45.0814
41.0344 38.4007
38.7019 49.2147
55.4346 38.4939
32.7429 38.7336
30.9118 31.6966
58.6738 32.2924
31.583 54.7176
41.9378 15.4213
51.6972 63.6387
40.6914 27.9179
25.2077 50.2281
31.9913 34.8343
30.1954 48.9695
33.8427 39.4846
43.963 48.6249
21.3252 22.5374
22.3333 23.5388
64.206 58.7184
37.2466 65.622
68.9107 63.8609
39.3651 54.7759
27.1494 20.6491
51.7918 56.6316
54.0607 70.1229
40.6616 35.4657
31.349 37.3067
19.8707 12.5207
29.6828 42.3569
32.8886 42.2999
18.7325 21.6177
35.1445 30.7347
55.8107 50.5032
37.3186 31.0651
20.4833 16.6221
44.285 41.2808
48.4752 31.1065
28.6252 32.6718
41.3521 37.1506
42.2278 36.2614
46.1579 68.9827
30.1848 29.5266
88.1202 58.2079
30.6623 34.9265
90.7523 68.1235
87.6923 69.147
75.045 46.2426
48.0982 35.55
86.8311 59.4527
43.3776 39.1423
33.8249 25.8281
24.1966 49.9746
47.0145 41.4084
45.7437 25.7777
29.5976 45.3748
37.4583 34.3579
30.5147 38.127
47.7852 53.6118
43.7276 49.7436
39.9017 44.2713
56.932 49.1527
28.4137 23.5851
52.5586 35.8809
34.3671 60.8421
56.4495 55.2951
25.1893 15.3594
27.7087 39.0151
42.6268 42.4895
53.1556 35.5879
33.5741 28.9093
19.4855 9.07806
43.8439 42.2393
45.8364 32.1147
26.8305 42.1332
29.9919 38.7885
68.4783 47.2857
23.3105 27.9082
65.7564 47.138
31.5972 34.4772
40.3008 41.0548
18.3534 19.5421
25.8118 30.7292
45.0676 45.6506
51.0615 37.5582
23.1894 19.9312
32.4073 32.8723
52.7776 60.8868
38.1725 24.8191
58.4608 44.9313
49.0243 39.8027
37.3686 38.5486
36.0063 24.2073
36.581 31.4404
22.2576 43.0242
22.965 43.8108
25.8571 25.6663
40.8858 46.5108
33.7297 39.3015
24.4683 32.6884
51.0121 43.358
39.4077 48.9117
29.3194 31.718
41.7815 44.1052
60.0512 45.2909
46.5133 39.8102
26.4258 28.2365
54.28 44.9934
28.1484 15.8548
19.6491 17.2177
38.8125 46.1263
48.1316 40.7608
18.8695 22.3736
33.8123 45.0733
26.333 33.6973
52.1169 31.1798
31.6651 38.2687
31.0608 31.1975
34.0368 31.2443
28.4182 37.8007
34.1432 34.1605
61.5797 41.2776
30.9894 29.7621
36.5395 35.1419
40.2649 40.2784
47.1354 51.4983
41.8873 57.1809
32.8176 27.2577
27.3426 25.7119
66.003 44.5658
58.2677 36.1231
72.0075 32.7283
41.9721 31.0994
64.4987 49.8974
37.0222 30.15
20.5704 14.1552
19.5937 11.4123
27.9034 18.3743
23.8517 24.8759
29.6478 31.9904
31.9354 43.6555
49.2043 44.385
21.4078 22.9116
32.4418 33.5843
48.8254 33.9299
44.9502 38.2127
25.5048 27.3237
37.695 32.6673
32.8848 40.7687
37.5733 34.4264
52.2721 58.0771
19.4708 14.4234
93.1774 38.4032
31.6196 36.7948
23.3264 26.1441
44.3409 48.716
59.4232 27.4602
66.3618 53.0651
106.488 62.8525
32.6123 35.7555
41.3091 44.8788
99.1158 46.1307
27.3675 28.5484
68.865 43.6636
36.3194 35.7258
79.8037 64.1623
86.8953 38.0164
55.9127 27.5409
33.8723 20.2509
37.3812 38.7198
41.9926 56.4629
43.27 46.4913
55.0253 30.6395
30.6197 39.7333
41.958 53.1082
26.9598 30.5862
42.3095 52.2831
26.955 37.5215
40.0701 52.8269
80.0469 49.6215
60.1897 41.8518
23.1399 37.3465
68.745 43.0365
65.0229 44.5172
41.7761 44.2326
22.8714 29.2253
39.6967 32.5992
37.5714 45.8436
19.3742 22.5306
52.5182 58.1457
25.2197 22.6041
30.3279 31.5379
33.3896 45.1052
35.6639 40.1759
27.8529 16.2501
22.7303 21.4295
41.6022 28.8034
26.9138 31.293
41.9197 33.7863
76.7443 52.0883
55.485 67.025
40.3614 69.1708
56.6131 40.8359
61.1551 67.7178
79.055 56.6486
26.5118 37.5946
37.5476 39.2199
29.1362 29.7721
37.9579 40.7843
29.5392 25.649
53.5649 41.9395
38.7346 37.5575
42.8052 35.5494
25.8586 31.3471
44.7592 40.4173
56.4928 16.4359
49.5516 32.0677
21.0017 19.2556
49.7311 44.3526
28.4383 22.2536
69.5587 39.8483
48.3826 43.3832
34.8851 40.5528
28.6646 30.9863
42.5105 48.2357
37.2352 23.5423
52.5507 26.409
60.1691 36.5235
36.577 40.8354
24.0948 19.5519
21.302 20.4118
33.0135 41.5447
30.3625 43.481
38.4569 43.1488
31.8089 46.4724
43.5715 30.4147
39.6816 44.4612
61.074 53.4844
32.3811 26.5692
20.9747 36.3495
26.2311 36.3655
63.1517 43.8571
39.9101 32.1594
53.6178 50.6576
61.6182 48.2575
41.9043 33.3205
43.8965 34.9398
32.4861 30.6015
69.5707 45.4019
38.6196 47.9147
27.6969 25.9445
57.3641 31.2156
56.3118 23.1541
65.837 41.0604
62.5753 40.6859
29.6217 44.7039
50.721 52.1969
23.3269 24.5377
30.3455 30.0195
34.5475 34.5383
46.3653 45.3545
30.4955 25.6972
56.411 38.7992
48.2208 45.289
29.1178 54.2869
39.3371 39.3455
44.7391 29.3476
35.1297 43.0654
40.1845 37.1316
45.3364 51.68
53.8989 52.802
57.8679 34.9086
20.5336 28.3219
51.5561 38.9207
39.9463 45.7345
36.9328 42.3159
67.7149 33.4703
39.9009 43.9774
50.3417 45.1171
63.2637 48.3654
41.3463 39.9962
50.3486 44.2678
41.1331 32.0831
25.4044 34.4371
29.6522 39.47
56.1834 54.9093
70.6217 48.7804
31.3927 30.9987
26.6999 27.0208
42.056 22.1978
37.5587 36.9243
28.6122 45.9038
27.099 24.3983
19.5382 22.6306
27.5685 41.2489
56.0187 48.0226
22.3919 24.2116
57.9779 41.5618
61.1035 41.0498
70.2631 48.5139
51.5275 31.1491
44.2919 49.3735
21.1434 28.6305
23.4163 24.5597
23.4439 38.3727
31.2622 39.9877
37.4901 29.8967
33.5542 41.3407
44.4321 31.6825
37.1876 43.4963
39.3603 34.9585
49.0145 38.8216
40.2835 46.7463
28.6571 40.6427
55.9023 50.4649
29.0169 35.2907
33.3314 34.5385
62.7204 48.6796
42.2699 32.6583
20.143 10.0343
43.2771 40.42
37.1461 49.7845
32.7953 31.3939
28.4075 31.7292
57.8285 47.5842
34.5909 46.8362
65.9068 54.6873
66.5903 56.9768
43.6685 24.4838
46.4035 42.3919
23.8212 29.9547
44.1594 42.2808
45.825 52.3283
32.9392 39.361
82.193 53.8063
48.5586 32.8582
24.455 32.6118
63.1735 53.3603
31.3958 34.6553
24.3269 25.5377
40.4275 45.3798
33.443 39.5094
50.0992 32.3433
51.7431 45.8395
32.989 35.1369
43.7578 50.135
19.0512 20.0125
81.5004 54.9753
68.396 53.8325
40.9465 29.0447
38.9528 34.3439
28.7323 17.2674
26.6545 27.2403
36.2526 29.9615
44.2236 48.6592
25.6463 29.7313
39.9119 28.4558
26.5729 33.9666
18.6012 23.4351
35.899 34.163
34.6958 38.0004
26.3982 27.5585
38.566 43.6983
45.5284 41.1198
33.5034 30.5336
22.4002 25.3119
24.3516 25.5418
30.9732 35.9976
36.3248 37.5374
28.4937 26.8435
38.5884 43.2758
25.3716 21.3062
24.5479 27.3995
58.915 48.9353
34.96 33.0921
21.5588 28.2623
47.0709 44.6825
39.2375 30.9969
41.8207 33.0158
56.9485 43.4733
30.5133 40.1842
39.0398 30.7447
38.2751 32.5358
29.5765 35.5178
39.2435 38.5371
26.5665 30.7569
41.8085 44.0298
60.6335 55.6104
38.1362 39.0809
29.5251 32.6031
28.0531 24.3152
44.8277 48.2376
57.7357 44.7804
49.0808 41.9326
41.8159 20.5324
29.6517 38.0253
57.9228 51.4222
22.384 14.6061
26.418 31.4314
25.6105 33.1465
37.9315 43.8041
36.4302 22.9909
68.3452 58.2214
54.4053 61.8243
24.3671 25.5482
44.9562 36.1595
39.132 36.7369
22.3496 33.4998
66.1185 49.9104
44.9669 30.478
41.7915 36.8572
29.4127 40.8317
30.1016 36.2464
24.3791 22.923
47.9283 39.6429
49.3314 34.1739
55.9546 39.061
29.0615 18.4742
35.4983 38.2656
53.7951 28.6226
29.8917 37.8642
86.8572 61.4169
71.9404 54.8949
32.1554 35.5952
87.9162 69.2532
73.0511 66.8777
34.6275 47.6374
38.235 38.7899
38.3372 39.3112
53.2349 29.5839
40.5042 44.8672
40.277 43.3883
30.3262 41.2091
23.3986 27.6078
28.9235 16.7295
34.3998 26.7657
44.6491 49.2019
32.4203 45.3814
56.0109 47.3734
33.8306 31.3549
52.7011 41.472
19.5133 34.7269
65.0442 43.233
30.8751 32.2503
33.596 29.5922
43.0933 40.2534
21.4363 15.9874
68.7744 43.3935
27.8757 44.9943
39.4601 42.5866
64.0832 43.1101
32.3675 33.5484
69.3221 48.7119
82.5435 58.4198
37.4955 49.3437
34.8761 44.5502
28.469 28.984
35.4625 51.2583
34.2732 34.3008
38.1191 47.7822
56.6675 56.4106
60.1453 28.5503
54.514 56.3323
49.5294 47.0717
38.1008 41.3331
44.7693 42.5813
40.909 28.9978
21.5195 41.2805
75.0738 59.5888
48.619 39.8144
69.1324 62.2869
45.3658 60.9777
19.4512 20.0928
30.0723 18.9756
31.4191 61.5372
51.8675 67.5542
42.179 39.4727
24.8333 20.2191
23.3594 20.3596
43.6156 67.0206
74.9623 67.5652
67.8676 31.7948
46.6904 41.0373
20.9108 28.5277
37.4163 38.5597
39.6346 29.8058
41.3187 37.9861
19.5942 27.3015
39.2307 43.2064
66.0585 59.4541
24.2633 28.1022
33.3046 34.001
19.2253 20.5561
36.4085 35.3752
35.0051 36.5029
45.6197 42.1577
34.6105 43.0591
66.5163 38.5356
29.3455 30.5124
33.3333 34.5388
58.486 46.4672
75.1911 51.1278
74.9382 47.459
58.2684 48.5246
55.2951 30.0787
36.8425 35.2354
55.585 36.1145
50.4386 31.8253
37.0321 23.2127
51.5463 37.4691
27.9535 33.1941
34.5547 46.5522
49.7099 41.0706
86.6082 62.7208
71.4294 48.1379
66.8108 39.8084
46.1038 43.8203
63.2913 30.5952
25.9306 34.3177
62.2303 50.6797
39.0884 30.9455
35.0982 46.927
62.488 25.2358
33.0951 34.5177
106.578 63.0335
107.189 66.7037
45.794 49.744
49.3702 20.6695
25.1036 26.974
73.8794 7.58578
20.627 23.4895
49.014 50.6715
51.2762 57.0743
48.5805 50.322
27.8449 16.7268
40.0412 42.1314
76.7212 50.3602
21.4881 25.2024
29.6463 35.7228
26.8148 34.4519
29.7497 33.8223
31.6411 51.8145
63.8106 49.9319
41.8537 54.6572
47.7948 40.6329
26.0766 51.7077
69.7178 51.474
56.2358 47.041
20.7526 23.6233
28.553 29.8192
32.783 31.5456
37.3919 47.9879
39.5994 50.265
23.015 30.1555
54.6724 36.0466
43.6547 24.8139
40.9003 47.0341
37.3263 54.1656
65.1732 44.8834
18.3333 19.5388
29.4934 33.5922
61.6476 36.2257
28.6612 33.6733
26.2913 38.3487
29.965 35.01
75.4603 54.4194
64.101 54.4172
51.7653 42.2112
23.7958 29.8449
38.5782 27.4678
34.0799 45.6278
22.8703 18.8321
20.9174 11.1541
62.43 43.5755
31.694 31.4396
41.7962 35.7659
26.8293 27.1115
58.5664 29.4228
22.443 26.5099
40.0854 39.0826
36.6219 44.2981
37.2815 38.18
65.0735 40.485
64.13 56.0518
30.7805 41.1354
75.1579 51.9146
53.6952 39.6011
37.2938 38.964
26.6283 30.054
66.9833 22.3414
27.3727 30.1108
33.3262 38.4591
19.6269 28.3687
28.7877 40.0515
45.4881 41.2482
32.487 40.2257
25.5146 43.9861
51.8517 54.5327
36.3205 48.4124
43.9176 52.9994
22.7298 26.9573
42.5538 42.6515
35.3103 17.8833
47.9206 53.4637
56.5383 51.7626
29.1878 35.4141
74.2583 51.1931
73.556 58.6541
32.6761 35.5974
19.3818 21.6017
21.7377 27.7818
51.1825 29.6191
23.7604 33.6847
26.3533 27.2977
42.4151 54.1934
87.3944 57.2947
59.4476 45.4112
92.1255 58.5673
20.9299 27.7889
47.9309 47.7058
48.6722 40.0454
24.4457 28.0782
56.5667 42.262
41.6086 43.4089
29.6819 40.9697
81.7292 55.8232
39.1491 45.5881
50.8592 32.5917
62.4715 37.5946
22.5975 17.3615
55.95 39.4363
28.1795 37.8539
37.4393 32.9409
20.1105 22.489
47.0453 47.6635
34.4136 32.2989
49.455 40.3365
41.9199 33.1365
35.6604 40.6515
57.0665 40.4203
31.3253 30.059
46.4629 42.3668
51.3061 61.0505
43.4575 30.8904
19.1717 20.7511
29.8911 36.7794
29.1555 43.9235
29.507 31.825
40.7087 46.9338
30.4232 23.5663
22.1461 28.9293
32.135 15.6788
28.4388 35.7404
24.8592 27.2924
44.1079 60.3587
60.6082 65.3067
27.5585 37.7794
25.742 43.3825
21.3428 16.3172
32.9108 45.3416
24.0124 47.8656
26.3675 27.5484
55.0772 37.4656
34.5804 41.8839
18.4163 19.5597
30.8134 46.9361
54.3304 41.1505
48.2586 55.931
51.8808 39.0097
42.7279 42.5877
20.3721 25.162
39.0853 40.0123
34.4297 37.8053
25.2141 25.2703
30.9927 36.4784
27.755 41.178
26.271 26.8138
37.7197 30.2317
47.1173 53.3805
27.3488 28.5414
21.4369 25.6259
45.774 46.5061
34.7936 56.2126
58.5006 48.247
64.5442 54.2714
44.1664 47.226
38.5671 32.4305
31.3275 34.2093
31.1213 23.4525
24.0218 30.1697
35.3671 36.5482
30.1691 25.099
33.5468 38.8853
42.0426 33.266
34.7599 37.36
31.6851 26.5675
34.9555 33.6209
31.1254 34.0711
36.596 35.04
56.5516 51.141
31.4136 34.2191
34.6139 38.4196
20.6447 23.4398
23.0575 14.8005
39.0708 52.4246
52.4005 54.723
32.4479 37.5318
34.1814 30.4053
60.3544 43.3551
41.7222 33.3699
37.2696 26.1539
46.1219 45.8539
35.1902 38.2261
56.8772 35.7636
32.917 51.6069
51.2764 28.6191
65.3514 41.4937
21.4143 25.6415
29.7612 37.196
39.4689 26.8692
52.4192 40.5955
44.0732 28.4631
45.8644 34.6402
64.5766 41.1977
57.4543 27.3978
41.2866 27.2734
38.5827 34.6055
34.5403 23.1771
58.9975 23.6336
35.3956 43.5733
44.4858 38.6531
23.0226 39.7565
36.501 33.1254
38.892 43.2537
35.4056 40.3249
43.8311 50.8475
32.6566 46.6752
34.0644 41.6914
24.6574 36.5551
24.567 30.4858
37.5701 15.7134
54.2426 34.8557
45.0157 36.7742
34.0836 38.7213
41.1569 49.389
29.4375 39.528
52.1638 40.6093
27.401 30.3715
51.0621 45.5752
48.9246 40.3584
26.771 22.4218
32.3079 36.9813
44.6793 25.713
44.8546 39.1979
46.4691 39.7849
38.6866 33.7765
44.0808 27.2015
54.4438 33.2493
82.6575 27.6696
60.0047 64.5891
43.0851 27.4431
70.5077 43.5949
25.3084 15.6321
88.8671 74.1694
47.9663 30.5229
84.9866 53.6761
51.3809 39.5294
67.3015 65.5038
66.9464 63.9399
51.3052 29.4421
33.6051 34.8815
24.4198 14.6386
30.7812 27.6794
21.6868 38.0919
87.7792 42.0021
35.9601 27.7297
38.9634 40.1919
43.212 25.3964
93.0329 52.7506
29.4591 39.4307
32.0958 20.4894
34.0712 37.3308
48.8845 40.6549
43.4669 12.8568
71.1459 37.9938
63.0928 46.5461
27.9201 47.0623
32.1931 37.8617
40.7858 37.2396
18.5138 21.555
39.0648 35.272
57.489 41.8104
25.6304 30.2397
31.4672 32.5648
69.938 46.5327
39.7178 43.3607
24.4615 30.238
37.8544 41.5172
32.9727 40.1572
41.2917 19.3842
53.3337 24.1325
59.151 39.1107
29.6489 43.3998
69.5036 41.4356
66.4779 45.6419
36.9245 38.9609
63.6716 38.4975
43.4828 44.0054
44.8559 42.0555
18.8794 18.5097
34.8334 29.2667
31.2013 38.9004
41.7049 43.1199
47.9136 42.893
35.6302 20.8599
27.0114 22.8565
19.6362 17.5939
50.208 46.7346
42.4115 37.0486
27.3606 38.424
55.702 24.5459
32.9108 36.2549
35.7005 39.6849
37.3981 24.285
38.5477 33.8158
40.4167 34.1178
63.4051 36.1699
50.2306 41.9777
59.0049 46.1868
45.774 42.5538
48.7351 38.5095
33.5623 47.7573
38.6293 47.9504
33.3845 43.5456
38.7553 30.2267
41.3772 51.2401
31.5391 31.9428
29.7576 40.9084
25.7774 31.1726
18.3985 24.9329
34.2188 45.0052
45.2263 36.7796
37.5007 43.7806
19.4476 24.5153
26.8947 32.7352
61.9767 43.2015
47.8148 35.1922
27.9701 17.9459
39.8492 49.1064
34.339 16.9216
39.46 45.2474
36.4706 28.8087
31.5505 33.1488
29.3689 30.3081
57.1715 47.0133
35.6824 45.0447
34.3969 37.7764
56.8961 46.1841
33.2543 45.357
47.8985 41.3497
23.447 37.6961
34.3547 43.1499
45.9759 41.697
28.9896 41.3952
64.97 40.1402
34.1725 31.9322
43.4083 40.998
78.4112 38.5768
22.1063 25.4794
23.8998 33.474
23.2341 25.0157
45.3522 46.0492
34.2853 36.2666
59.4398 39.3666
28.5246 33.2293
48.7082 55.4058
41.4385 46.8872
40.6194 50.5179
27.429 25.5654
35.1724 49.1854
36.2622 38.9987
20.8501 31.6175
49.626 30.897
48.1569 25.3175
48.1844 46.0865
43.6175 41.4519
34.6467 46.9791
80.3037 41.8311
73.6339 39.528
47.7033 43.0412
33.7418 27.5839
23.8679 24.0042
55.1632 39.7119
32.7043 29.1869
40.2088 37.8321
24.8984 23.3807
28.792 32.2219
56.3989 37.7801
20.4193 23.9174
25.4078 32.2681
49.8115 42.7445
25.1244 25.6496
37.514 45.1756
20.5599 23.9529
27.3321 27.9684
40.7952 45.1009
24.8651 29.372
42.2304 36.0879
40.5879 38.439
39.1384 47.3969
19.8478 13.7627
44.66 41.6166
40.6531 33.5496
40.8223 32.3471
86.1594 57.5372
26.6942 59.538
57.3024 21.8936
19.5997 32.3011
28.9286 38.8689
75.2468 57.8027
74.3864 56.3489
55.6726 58.1826
77.8547 33.3243
35.0346 38.9079
93.5384 56.5432
30.697 32.7175
72.4493 33.2359
30.5142 35.7433
42.8327 29.8949
35.846 27.8187
27.3814 33.7027
39.1456 53.3188
36.3716 30.2004
23.6545 27.358
19.4056 23.2844
54.3356 43.9941
61.0712 58.0657
21.4965 21.9294
51.3191 28.5063
34.4721 34.9844
18.5723 29.7593
33.764 17.5246
35.8743 49.2808
37.7037 44.2354
21.6371 25.4573
62.3097 55.2049
31.2012 32.6019
68.1465 57.1569
36.1894 48.2748
46.6409 41.8495
55.3511 60.1881
34.3818 38.7312
44.2719 39.7867
57.2021 61.2624
28.0222 33.4019
42.9439 57.8428
43.8226 42.3661
53.1721 60.2409
50.5252 46.487
34.8816 44.2528
26.3484 51.2081
36.9587 41.9424
29.178 44.2294
56.0334 46.5234
18.5692 11.0275
61.324 31.5651
38.0574 37.5539
24.9891 41.8914
21.3269 22.5377
34.5838 52.691
37.3263 38.5376
20.9409 26.5653
25.4429 28.0055
69.6508 47.0918
75.0512 28.2166
37.0101 47.9674
51.6939 51.2365
39.1738 51.6905
28.3345 46.9925
36.9345 26.9715
18.3248 19.5374
36.108 29.4685
31.4078 42.746
56.9837 34.7008
42.1897 43.6172
25.8353 25.9195
33.6945 36.6721
34.3981 30.2799
41.8749 30.3582
22.0631 19.9503
